<?xml version="1.0" encoding="UTF-8"?>
<!-- Generated by org.testng.reporters.JUnitReportReporter -->
<testsuite skipped="0" hostname="6491-F3TXV32" name="program.testng.test.SmokeTesting" tests="1" failures="0" timestamp="29 Mar 2017 21:40:41 GMT" time="0.001" errors="0">
  <testcase name="smoketTesting" time="0.001" classname="program.testng.test.SmokeTesting"/>
</testsuite> <!-- program.testng.test.SmokeTesting -->
