<?xml version="1.0" encoding="UTF-8"?>
<!-- Generated by org.testng.reporters.JUnitReportReporter -->
<testsuite skipped="0" hostname="6491-F3TXV32" name="program.testng.test.NewTest" tests="1" failures="0" timestamp="29 Mar 2017 21:21:53 GMT" time="0.018" errors="0">
  <testcase name="f" time="0.018" classname="program.testng.test.NewTest"/>
</testsuite> <!-- program.testng.test.NewTest -->
