<?xml version="1.0" encoding="UTF-8"?>
<!-- Generated by org.testng.reporters.JUnitReportReporter -->
<testsuite skipped="0" hostname="6491-F3TXV32" name="program.testng.test.Regression" tests="1" failures="0" timestamp="29 Mar 2017 21:40:41 GMT" time="0.010" errors="0">
  <testcase name="regressionTesting" time="0.010" classname="program.testng.test.Regression"/>
</testsuite> <!-- program.testng.test.Regression -->
