<?xml version="1.0" encoding="UTF-8"?>
<!-- Generated by org.testng.reporters.JUnitReportReporter -->
<testsuite skipped="0" hostname="6491-F3TXV32" name="program.testng.listener.TestListener" tests="2" failures="0" timestamp="29 Mar 2017 22:42:08 GMT" time="0.011" errors="0">
  <testcase name="testcaseTwo" time="0.001" classname="program.testng.listener.TestListener"/>
  <testcase name="testcaseOne" time="0.010" classname="program.testng.listener.TestListener"/>
</testsuite> <!-- program.testng.listener.TestListener -->
